<?xml version="1.0" encoding="UTF-8"?>
<testsuite xmlns:xsi="http://www.w3.org/2001/XMLSchema-instance" xsi:noNamespaceSchemaLocation="https://maven.apache.org/surefire/maven-surefire-plugin/xsd/surefire-test-report-3.0.xsd" version="3.0" name="com.abes.medx.dao.PatientDAOImplTest" time="0.132" tests="11" errors="0" skipped="0" failures="0">
  <properties>
[...]
</properties>
  <testcase name="testAuthenticateSuccess" classname="com.abes.medx.dao.PatientDAOImplTest" time="0.045"/>
  <testcase name="testUpdateProfileSuccess" classname="com.abes.medx.dao.PatientDAOImplTest" time="0.008"/>
  <testcase name="testAuthenticateFailure" classname="com.abes.medx.dao.PatientDAOImplTest" time="0.006"/>
  <testcase name="testUpdateProfileFailure" classname="com.abes.medx.dao.PatientDAOImplTest" time="0.003"/>
  <testcase name="testGetAllPatients" classname="com.abes.medx.dao.PatientDAOImplTest" time="0.003"/>
  <testcase name="testDeleteSuccess" classname="com.abes.medx.dao.PatientDAOImplTest" time="0.002"/>
  <testcase name="testRegisterDuplicate" classname="com.abes.medx.dao.PatientDAOImplTest" time="0.001"/>
  <testcase name="testDeleteFailure" classname="com.abes.medx.dao.PatientDAOImplTest" time="0.002"/>
  <testcase name="testGetPatientByEmailSuccess" classname="com.abes.medx.dao.PatientDAOImplTest" time="0.002"/>
  <testcase name="testGetPatientByEmailFailure" classname="com.abes.medx.dao.PatientDAOImplTest" time="0.002"/>
  <testcase name="testRegisterSuccess" classname="com.abes.medx.dao.PatientDAOImplTest" time="0.001"/>
</testsuite>