<?xml version="1.0" encoding="UTF-8"?>
<testsuite xmlns:xsi="http://www.w3.org/2001/XMLSchema-instance" xsi:noNamespaceSchemaLocation="https://maven.apache.org/surefire/maven-surefire-plugin/xsd/surefire-test-report-3.0.xsd" version="3.0" name="com.abes.medx.dao.AdminDAOImplTest" time="0.109" tests="9" errors="0" skipped="0" failures="0">
  <properties>
[...]
</properties>
  <testcase name="testAuthenticateSuccess" classname="com.abes.medx.dao.AdminDAOImplTest" time="0.035">
    <system-out><![CDATA[Created PatientDTO for ID: P001, Email: raj@gmail.com, PatientID: P001
Successfully added patient with ID: P001
Created PatientDTO for ID: P002, Email: patient@mail.com, PatientID: P002
Successfully added patient with ID: P002
Creating DoctorDTO: ID=D001, Name=Doctor, Email=doctor@mail.com, Phone=1234567890, Age=29, Specialization=Cardiologist, Experience=10
Creating DoctorDTO: ID=D002, Name=Rahul Sharma, Email=rahul@gmail.com, Phone=1234567890, Age=35, Specialization=Neurologist, Experience=15
]]></system-out>
  </testcase>
  <testcase name="testUpdateProfileSuccess" classname="com.abes.medx.dao.AdminDAOImplTest" time="0.004"/>
  <testcase name="testDeleteSuccess" classname="com.abes.medx.dao.AdminDAOImplTest" time="0.002"/>
  <testcase name="testRegisterDuplicate" classname="com.abes.medx.dao.AdminDAOImplTest" time="0.002"/>
  <testcase name="testGetAdminByEmailSuccess" classname="com.abes.medx.dao.AdminDAOImplTest" time="0.003"/>
  <testcase name="testDeleteFailure" classname="com.abes.medx.dao.AdminDAOImplTest" time="0.001"/>
  <testcase name="testAuthenticateFailureWrongPassword" classname="com.abes.medx.dao.AdminDAOImplTest" time="0.002"/>
  <testcase name="testGetAdminByEmailFailure" classname="com.abes.medx.dao.AdminDAOImplTest" time="0.008"/>
  <testcase name="testRegisterSuccess" classname="com.abes.medx.dao.AdminDAOImplTest" time="0.001"/>
</testsuite>