<?xml version="1.0" encoding="UTF-8"?>
<testsuite xmlns:xsi="http://www.w3.org/2001/XMLSchema-instance" xsi:noNamespaceSchemaLocation="https://maven.apache.org/surefire/maven-surefire-plugin/xsd/surefire-test-report-3.0.xsd" version="3.0" name="com.abes.medx.service.AppointmentServiceTest" time="0.088" tests="20" errors="0" skipped="0" failures="0">
  <properties>
[...]
</properties>
  <testcase name="testCompleteAppointment_Cancelled" classname="com.abes.medx.service.AppointmentServiceTest" time="0.033">
    <system-out><![CDATA[Created PatientDTO for ID: P001, Email: raj@gmail.com, PatientID: P001
Successfully added patient with ID: P001
Created PatientDTO for ID: P002, Email: yath@gmail.com, PatientID: P002
Successfully added patient with ID: P002
]]></system-out>
  </testcase>
  <testcase name="testCancelAppointment_InvalidId" classname="com.abes.medx.service.AppointmentServiceTest" time="0.003"/>
  <testcase name="testUpdateAppointment_InvalidData" classname="com.abes.medx.service.AppointmentServiceTest" time="0.003"/>
  <testcase name="testBookAppointment_NullAppointment" classname="com.abes.medx.service.AppointmentServiceTest" time="0.003"/>
  <testcase name="testGetAppointmentsByPatientId_InvalidId" classname="com.abes.medx.service.AppointmentServiceTest" time="0.001"/>
  <testcase name="testGetAppointmentById_Success" classname="com.abes.medx.service.AppointmentServiceTest" time="0.004"/>
  <testcase name="testGetAppointmentsByStatus_Success" classname="com.abes.medx.service.AppointmentServiceTest" time="0.002"/>
  <testcase name="testCreateAppointment_InvalidData" classname="com.abes.medx.service.AppointmentServiceTest" time="0.002"/>
  <testcase name="testGetAppointmentById_InvalidId" classname="com.abes.medx.service.AppointmentServiceTest" time="0.0"/>
  <testcase name="testGetAllAppointments" classname="com.abes.medx.service.AppointmentServiceTest" time="0.001"/>
  <testcase name="testCancelAppointment_Success" classname="com.abes.medx.service.AppointmentServiceTest" time="0.0"/>
  <testcase name="testBookAppointment_Success" classname="com.abes.medx.service.AppointmentServiceTest" time="0.0"/>
  <testcase name="testCompleteAppointment_Success" classname="com.abes.medx.service.AppointmentServiceTest" time="0.0"/>
  <testcase name="testGetAppointmentsByDoctorId_InvalidId" classname="com.abes.medx.service.AppointmentServiceTest" time="0.001"/>
  <testcase name="testGetAppointmentsByDoctorId_Success" classname="com.abes.medx.service.AppointmentServiceTest" time="0.001"/>
  <testcase name="testGetNextAppointmentId" classname="com.abes.medx.service.AppointmentServiceTest" time="0.0"/>
  <testcase name="testGetAppointmentsByPatientId_Success" classname="com.abes.medx.service.AppointmentServiceTest" time="0.0"/>
  <testcase name="testGetAppointmentsByStatus_InvalidStatus" classname="com.abes.medx.service.AppointmentServiceTest" time="0.001"/>
  <testcase name="testCreateAppointment_Success" classname="com.abes.medx.service.AppointmentServiceTest" time="0.001"/>
  <testcase name="testUpdateAppointment_Success" classname="com.abes.medx.service.AppointmentServiceTest" time="0.001"/>
</testsuite>